********************************************************************************
PACKAGE-LOG: 2016-03-31 14:21:38
NOTICE: Do NOT post to public sites or forums 
********************************************************************************
VERSION:	1.1.6
WORDPRESS:	4.4.2
PHP INFO:	5.6.10 | SAPI: apache2handler
SERVER:		Apache/2.2.29 (Unix) mod_wsgi/3.5 Python/2.7.10 PHP/5.6.10 mod_ssl/2.2.29 OpenSSL/0.9.8zg DAV/2 mod_fastcgi/2.4.6 mod_perl/2.0.9 Perl/v5.22.0 
PHP TIME LIMIT: (0) no time limit imposed 
PHP MAX MEMORY: 5000M (128M default) 
MEMORY STACK: 23.5MB 

********************************************************************************
DATABASE:
********************************************************************************
BUILD MODE:   PHP(query limit - 100)
MYSQLTIMEOUT: 5000
MYSQLDUMP:    Not Supported 
TABLES: total:13 | filtered:0 | create:13 
FILTERED: [] 
SQL CREATED: 20160331_parktowers_56fd3269b231f5899160331142129_database.sql 
SQL FILE SIZE: 913.12KB (935032) 
SQL FILE TIME: 2016-03-31 14:21:38 
SQL RUNTIME: 0.30 sec. 

******************************************************************************** 
ARCHIVE (ZIP): 
******************************************************************************** 
ARCHIVE DIR:  /Users/artist/Documents/WP_Projects/Park_Towers 
ARCHIVE FILE: 20160331_parktowers_56fd3269b231f5899160331142129_archive.zip 
FILTERS: *OFF* 
DIRS:  not set 
EXTS:  not set 
---------------------------------------- 
COMPRESSING 
SIZE:	56.37MB 
STATS:	Dirs 210 | Files 2,259 
SQL ADDED: 20160331_parktowers_56fd3269b231f5899160331142129_database.sql 
ZipArchive Object
(
    [status] => 0
    [statusSys] => 0
    [numFiles] => 2469
    [filename] => /Users/artist/Documents/WP_Projects/Park_Towers/wp-snapshots/tmp/20160331_parktowers_56fd3269b231f5899160331142129_archive.zip
    [comment] => 
)
 
COMPRESSION RESULT: '1' 
COMPRESSED SIZE: 36.37MB 
ARCHIVE RUNTIME: 12.26 sec. 
MEMORY STACK: 25.25MB 

******************************************************************************** 
MAKE INSTALLER: 
******************************************************************************** 
Build Start 
Build Finished 
Preping for use 
Template parsed with new data 
Complete [/Users/artist/Documents/WP_Projects/Park_Towers/wp-snapshots/tmp/20160331_parktowers_56fd3269b231f5899160331142129_installer.php] 
Added to archive 

******************************************************************************** 
INTEGRITY CHECKS: 
******************************************************************************** 
SQL File: 913.12KB 
Installer File: 319.29KB 
Archive File: 36.37MB  

********************************************************************************
RECORD ID:[1]
TOTAL PROCESS RUNTIME: 13.48 sec.
PEAK PHP MEMORY USED: 27.25MB
DONE PROCESSING => 20160331_parktowers 2016-03-31 14:21:51
 
